<!DOCTYPE html PUBLIC "-//W3C//DTD XHTML 1.1//EN" "https://www.w3.org/TR/xhtml11/DTD/xhtml11.dtd">
<html xmlns="https://www.w3.org/1999/xhtml">
<head>
<meta http-equiv="content-type" content="text/html; charset=UTF-8"/>
<title>TestNG Report</title>
<style type="text/css">table {margin-bottom:10px;border-collapse:collapse;empty-cells:show}th,td {border:1px solid #009;padding:.25em .5em}th {vertical-align:bottom}td {vertical-align:top}table a {font-weight:bold}.stripe td {background-color: #E6EBF9}.num {text-align:right}.passedodd td {background-color: #3F3}.passedeven td {background-color: #0A0}.skippedodd td {background-color: #DDD}.skippedeven td {background-color: #CCC}.failedodd td,.attn {background-color: #F33}.failedeven td,.stripe .attn {background-color: #D00}.stacktrace {white-space:pre;font-family:monospace}.totop {font-size:85%;text-align:center;border-bottom:2px solid #000}.invisible {display:none}</style>
</head>
<body>
<table>
<tr><th>Test</th><th># Passed</th><th># Skipped</th><th># Retried</th><th># Failed</th><th>Time (ms)</th><th>Included Groups</th><th>Excluded Groups</th></tr>
<tr><th colspan="8">Suite</th></tr>
<tr><td><a href="#t0">Verify Car Home EMI</a></td><td class="num">0</td><td class="num">0</td><td class="num">0</td><td class="num attn">1</td><td class="num">16,078</td><td></td><td></td></tr>
<tr class="stripe"><td><a href="#t1">Verify Edu Loan EMI</a></td><td class="num">0</td><td class="num attn">1</td><td class="num">0</td><td class="num">0</td><td class="num">6,362</td><td></td><td></td></tr>
<tr><td><a href="#t2">Verify Credit Card EMI</a></td><td class="num">0</td><td class="num">0</td><td class="num">0</td><td class="num attn">1</td><td class="num">7,958</td><td></td><td></td></tr>
<tr><th>Total</th><th class="num">0</th><th class="num attn">1</th><th class="num">0</th><th class="num attn">2</th><th class="num">30,398</th><th colspan="2"></th></tr>
</table>
<table id='summary'><thead><tr><th>Class</th><th>Method</th><th>Start</th><th>Time (ms)</th></tr></thead><tbody><tr><th colspan="4">Suite</th></tr></tbody><tbody id="t0"><tr><th colspan="4">Verify Car Home EMI &#8212; failed</th></tr><tr class="failedeven"><td rowspan="1">com.itview.testcases.CarHomeEMI_Test</td><td><a href="#m0">oneLakhLoanAmount</a></td><td rowspan="1">1680417440355</td><td rowspan="1">4872</td></tr></tbody>
<tbody id="t1"><tr><th colspan="4">Verify Edu Loan EMI &#8212; failed (configuration methods)</th></tr><tr class="failedeven"><td rowspan="1">com.itview.testcases.EducationalLoanEMI_Test</td><td><a href="#m1">beforeTest</a></td><td rowspan="1">1680417445535</td><td rowspan="1">6352</td></tr><tr><th colspan="4">Verify Edu Loan EMI &#8212; skipped (configuration methods)</th></tr><tr class="skippedeven"><td rowspan="1">com.itview.testcases.EducationalLoanEMI_Test</td><td><a href="#m2">afterTest</a></td><td rowspan="1">1680417451897</td><td rowspan="1">-1680417451897</td></tr><tr><th colspan="4">Verify Edu Loan EMI &#8212; skipped</th></tr><tr class="skippedeven"><td rowspan="1">com.itview.testcases.EducationalLoanEMI_Test</td><td><a href="#m3">EduLoanEMI</a></td><td rowspan="1">1680417451896</td><td rowspan="1">0</td></tr></tbody>
<tbody id="t2"><tr><th colspan="4">Verify Credit Card EMI &#8212; failed</th></tr><tr class="failedeven"><td rowspan="1">com.itview.testcases.CreditCardEMI_Test</td><td><a href="#m4">creditCardEMI</a></td><td rowspan="1">1680417459162</td><td rowspan="1">370</td></tr></tbody>
</table>
<h2>Verify Car Home EMI</h2><h3 id="m0">com.itview.testcases.CarHomeEMI_Test#oneLakhLoanAmount</h3><table class="result"><tr><th>Exception</th></tr><tr><td><div class="stacktrace">org.openqa.selenium.NoSuchElementException: Unable to find element with locator By.id: carhome_loan
For documentation on this error, please visit: https://selenium.dev/exceptions/#no_such_element
Build info: version: &apos;4.6.0&apos;, revision: &apos;79f1c02ae20&apos;
System info: os.name: &apos;Windows 10&apos;, os.arch: &apos;amd64&apos;, os.version: &apos;10.0&apos;, java.version: &apos;19.0.1&apos;
Driver info: driver.version: RemoteWebDriver
	at org.openqa.selenium.remote.ElementLocation$ElementFinder$2.findElement(ElementLocation.java:165)
	at org.openqa.selenium.remote.ElementLocation.findElement(ElementLocation.java:60)
	at org.openqa.selenium.remote.RemoteWebDriver.findElement(RemoteWebDriver.java:365)
	at org.openqa.selenium.remote.RemoteWebDriver.findElement(RemoteWebDriver.java:357)
	at org.openqa.selenium.support.pagefactory.DefaultElementLocator.findElement(DefaultElementLocator.java:70)
	at org.openqa.selenium.support.pagefactory.internal.LocatingElementHandler.invoke(LocatingElementHandler.java:39)
	at jdk.proxy2/jdk.proxy2.$Proxy13.clear(Unknown Source)
	at com.itview.pageobject.TestBase.handleInputEvent(TestBase.java:50)
	at com.itview.testcases.CarHomeEMI_Test.oneLakhLoanAmount(CarHomeEMI_Test.java:25)
	at java.base/java.util.ArrayList.forEach(ArrayList.java:1511)
... Removed 29 stack frames</div></td></tr></table><p class="totop"><a href="#summary">back to summary</a></p>
<h2>Verify Edu Loan EMI</h2><h3 id="m1">com.itview.testcases.EducationalLoanEMI_Test#beforeTest</h3><table class="result"><tr><th>Exception</th></tr><tr><td><div class="stacktrace">org.openqa.selenium.NoSuchWindowException: no such window: target window already closed
from unknown error: web view not found
  (Session info: chrome=111.0.5563.147)
Build info: version: &apos;4.6.0&apos;, revision: &apos;79f1c02ae20&apos;
System info: os.name: &apos;Windows 10&apos;, os.arch: &apos;amd64&apos;, os.version: &apos;10.0&apos;, java.version: &apos;19.0.1&apos;
Driver info: org.openqa.selenium.chrome.ChromeDriver
Command: [b16db017cb37a62b8d166adbbf4d1180, findElement {using=id, value=wzrk-cancel}]
Capabilities {acceptInsecureCerts: false, browserName: chrome, browserVersion: 111.0.5563.147, chrome: {chromedriverVersion: 111.0.5563.64 (c710e93d5b63..., userDataDir: C:\Users\hp\AppData\Local\T...}, goog:chromeOptions: {debuggerAddress: localhost:65436}, networkConnectionEnabled: false, pageLoadStrategy: normal, platformName: WINDOWS, proxy: Proxy(), se:cdp: ws://localhost:65436/devtoo..., se:cdpVersion: 111.0.5563.147, setWindowRect: true, strictFileInteractability: false, timeouts: {implicit: 0, pageLoad: 300000, script: 30000}, unhandledPromptBehavior: dismiss and notify, webauthn:extension:credBlob: true, webauthn:extension:largeBlob: true, webauthn:extension:minPinLength: true, webauthn:extension:prf: true, webauthn:virtualAuthenticators: true}
Session ID: b16db017cb37a62b8d166adbbf4d1180
	at org.openqa.selenium.remote.codec.w3c.W3CHttpResponseCodec.createException(W3CHttpResponseCodec.java:200)
	at org.openqa.selenium.remote.codec.w3c.W3CHttpResponseCodec.decode(W3CHttpResponseCodec.java:133)
	at org.openqa.selenium.remote.codec.w3c.W3CHttpResponseCodec.decode(W3CHttpResponseCodec.java:53)
	at org.openqa.selenium.remote.HttpCommandExecutor.execute(HttpCommandExecutor.java:184)
	at org.openqa.selenium.remote.service.DriverCommandExecutor.invokeExecute(DriverCommandExecutor.java:167)
	at org.openqa.selenium.remote.service.DriverCommandExecutor.execute(DriverCommandExecutor.java:142)
	at org.openqa.selenium.remote.RemoteWebDriver.execute(RemoteWebDriver.java:541)
	at org.openqa.selenium.remote.ElementLocation$ElementFinder$2.findElement(ElementLocation.java:162)
	at org.openqa.selenium.remote.ElementLocation.findElement(ElementLocation.java:66)
	at org.openqa.selenium.remote.RemoteWebDriver.findElement(RemoteWebDriver.java:365)
	at org.openqa.selenium.remote.RemoteWebDriver.findElement(RemoteWebDriver.java:357)
	at org.openqa.selenium.support.pagefactory.DefaultElementLocator.findElement(DefaultElementLocator.java:70)
	at org.openqa.selenium.support.pagefactory.internal.LocatingElementHandler.invoke(LocatingElementHandler.java:39)
	at jdk.proxy2/jdk.proxy2.$Proxy13.click(Unknown Source)
	at com.itview.pageobject.TestBase.handleClickEvent(TestBase.java:55)
	at com.itview.testcases.EducationalLoanEMI_Test.beforeTest(EducationalLoanEMI_Test.java:18)
... Removed 29 stack frames</div></td></tr></table><p class="totop"><a href="#summary">back to summary</a></p>
<h3 id="m2">com.itview.testcases.EducationalLoanEMI_Test#afterTest</h3><table class="result"><tr><th class="invisible"/></tr></table><p class="totop"><a href="#summary">back to summary</a></p>
<h3 id="m3">com.itview.testcases.EducationalLoanEMI_Test#EduLoanEMI</h3><table class="result"><tr><th>Exception</th></tr><tr><td><div class="stacktrace">org.openqa.selenium.NoSuchWindowException: no such window: target window already closed
from unknown error: web view not found
  (Session info: chrome=111.0.5563.147)
Build info: version: &apos;4.6.0&apos;, revision: &apos;79f1c02ae20&apos;
System info: os.name: &apos;Windows 10&apos;, os.arch: &apos;amd64&apos;, os.version: &apos;10.0&apos;, java.version: &apos;19.0.1&apos;
Driver info: org.openqa.selenium.chrome.ChromeDriver
Command: [b16db017cb37a62b8d166adbbf4d1180, findElement {using=id, value=wzrk-cancel}]
Capabilities {acceptInsecureCerts: false, browserName: chrome, browserVersion: 111.0.5563.147, chrome: {chromedriverVersion: 111.0.5563.64 (c710e93d5b63..., userDataDir: C:\Users\hp\AppData\Local\T...}, goog:chromeOptions: {debuggerAddress: localhost:65436}, networkConnectionEnabled: false, pageLoadStrategy: normal, platformName: WINDOWS, proxy: Proxy(), se:cdp: ws://localhost:65436/devtoo..., se:cdpVersion: 111.0.5563.147, setWindowRect: true, strictFileInteractability: false, timeouts: {implicit: 0, pageLoad: 300000, script: 30000}, unhandledPromptBehavior: dismiss and notify, webauthn:extension:credBlob: true, webauthn:extension:largeBlob: true, webauthn:extension:minPinLength: true, webauthn:extension:prf: true, webauthn:virtualAuthenticators: true}
Session ID: b16db017cb37a62b8d166adbbf4d1180
	at org.openqa.selenium.remote.codec.w3c.W3CHttpResponseCodec.createException(W3CHttpResponseCodec.java:200)
	at org.openqa.selenium.remote.codec.w3c.W3CHttpResponseCodec.decode(W3CHttpResponseCodec.java:133)
	at org.openqa.selenium.remote.codec.w3c.W3CHttpResponseCodec.decode(W3CHttpResponseCodec.java:53)
	at org.openqa.selenium.remote.HttpCommandExecutor.execute(HttpCommandExecutor.java:184)
	at org.openqa.selenium.remote.service.DriverCommandExecutor.invokeExecute(DriverCommandExecutor.java:167)
	at org.openqa.selenium.remote.service.DriverCommandExecutor.execute(DriverCommandExecutor.java:142)
	at org.openqa.selenium.remote.RemoteWebDriver.execute(RemoteWebDriver.java:541)
	at org.openqa.selenium.remote.ElementLocation$ElementFinder$2.findElement(ElementLocation.java:162)
	at org.openqa.selenium.remote.ElementLocation.findElement(ElementLocation.java:66)
	at org.openqa.selenium.remote.RemoteWebDriver.findElement(RemoteWebDriver.java:365)
	at org.openqa.selenium.remote.RemoteWebDriver.findElement(RemoteWebDriver.java:357)
	at org.openqa.selenium.support.pagefactory.DefaultElementLocator.findElement(DefaultElementLocator.java:70)
	at org.openqa.selenium.support.pagefactory.internal.LocatingElementHandler.invoke(LocatingElementHandler.java:39)
	at jdk.proxy2/jdk.proxy2.$Proxy13.click(Unknown Source)
	at com.itview.pageobject.TestBase.handleClickEvent(TestBase.java:55)
	at com.itview.testcases.EducationalLoanEMI_Test.beforeTest(EducationalLoanEMI_Test.java:18)
... Removed 29 stack frames</div></td></tr></table><p class="totop"><a href="#summary">back to summary</a></p>
<h2>Verify Credit Card EMI</h2><h3 id="m4">com.itview.testcases.CreditCardEMI_Test#creditCardEMI</h3><table class="result"><tr><th>Exception</th></tr><tr><td><div class="stacktrace">org.openqa.selenium.WebDriverException: target frame detached
  (failed to check if window was closed: disconnected: Unable to receive message from renderer)
  (Session info: chrome=111.0.5563.147)
Build info: version: &apos;4.6.0&apos;, revision: &apos;79f1c02ae20&apos;
System info: os.name: &apos;Windows 10&apos;, os.arch: &apos;amd64&apos;, os.version: &apos;10.0&apos;, java.version: &apos;19.0.1&apos;
Driver info: org.openqa.selenium.chrome.ChromeDriver
Command: [2503a6742fe1d45f5b4402786944f6a4, findElement {using=id, value=debtpayoff}]
Capabilities {acceptInsecureCerts: false, browserName: chrome, browserVersion: 111.0.5563.147, chrome: {chromedriverVersion: 111.0.5563.64 (c710e93d5b63..., userDataDir: C:\Users\hp\AppData\Local\T...}, goog:chromeOptions: {debuggerAddress: localhost:65486}, networkConnectionEnabled: false, pageLoadStrategy: normal, platformName: WINDOWS, proxy: Proxy(), se:cdp: ws://localhost:65486/devtoo..., se:cdpVersion: 111.0.5563.147, setWindowRect: true, strictFileInteractability: false, timeouts: {implicit: 0, pageLoad: 300000, script: 30000}, unhandledPromptBehavior: dismiss and notify, webauthn:extension:credBlob: true, webauthn:extension:largeBlob: true, webauthn:extension:minPinLength: true, webauthn:extension:prf: true, webauthn:virtualAuthenticators: true}
Session ID: 2503a6742fe1d45f5b4402786944f6a4
	at org.openqa.selenium.remote.codec.w3c.W3CHttpResponseCodec.createException(W3CHttpResponseCodec.java:200)
	at org.openqa.selenium.remote.codec.w3c.W3CHttpResponseCodec.decode(W3CHttpResponseCodec.java:133)
	at org.openqa.selenium.remote.codec.w3c.W3CHttpResponseCodec.decode(W3CHttpResponseCodec.java:53)
	at org.openqa.selenium.remote.HttpCommandExecutor.execute(HttpCommandExecutor.java:184)
	at org.openqa.selenium.remote.service.DriverCommandExecutor.invokeExecute(DriverCommandExecutor.java:167)
	at org.openqa.selenium.remote.service.DriverCommandExecutor.execute(DriverCommandExecutor.java:142)
	at org.openqa.selenium.remote.RemoteWebDriver.execute(RemoteWebDriver.java:541)
	at org.openqa.selenium.remote.ElementLocation$ElementFinder$2.findElement(ElementLocation.java:162)
	at org.openqa.selenium.remote.ElementLocation.findElement(ElementLocation.java:60)
	at org.openqa.selenium.remote.RemoteWebDriver.findElement(RemoteWebDriver.java:365)
	at org.openqa.selenium.remote.RemoteWebDriver.findElement(RemoteWebDriver.java:357)
	at org.openqa.selenium.support.pagefactory.DefaultElementLocator.findElement(DefaultElementLocator.java:70)
	at org.openqa.selenium.support.pagefactory.internal.LocatingElementHandler.invoke(LocatingElementHandler.java:39)
	at jdk.proxy2/jdk.proxy2.$Proxy13.clear(Unknown Source)
	at com.itview.pageobject.TestBase.handleInputEvent(TestBase.java:50)
	at com.itview.testcases.CreditCardEMI_Test.creditCardEMI(CreditCardEMI_Test.java:22)
	at java.base/java.util.ArrayList.forEach(ArrayList.java:1511)
... Removed 32 stack frames</div></td></tr></table><p class="totop"><a href="#summary">back to summary</a></p>
</body>
</html>
